# JRE version: OpenJDK Runtime Environment (11.0.13) (build 11.0.13+0-b1751.21-8125866)
# Java VM: OpenJDK 64-Bit Server VM (11.0.13+0-b1751.21-8125866, mixed mode, tiered, compressed oops, g1 gc, windows-amd64)
Heap:
 garbage-first heap   total 1047552K, used 250371K [0x0000000080000000, 0x0000000100000000)
  region size 1024K, 2 young (2048K), 2 survivors (2048K)
 Metaspace       used 135724K, capacity 139040K, committed 139136K, reserved 1171456K
  class space    used 16856K, capacity 18022K, committed 18048K, reserved 1048576K
GC Heap History (20 events):
Event: 5560.672 GC heap after
{Heap after GC invocations=118 (full 0):
 garbage-first heap   total 349184K, used 207038K [0x0000000080000000, 0x0000000100000000)
  region size 1024K, 2 young (2048K), 2 survivors (2048K)
 Metaspace       used 131251K, capacity 134315K, committed 134528K, reserved 1167360K
  class space    used 16345K, capacity 17433K, committed 17536K, reserved 1048576K
}
Event: 5560.796 GC heap before
{Heap before GC invocations=118 (full 0):
 garbage-first heap   total 349184K, used 221374K [0x0000000080000000, 0x0000000100000000)
  region size 1024K, 17 young (17408K), 2 survivors (2048K)
 Metaspace       used 131674K, capacity 134784K, committed 135040K, reserved 1167360K
  class space    used 16380K, capacity 17482K, committed 17536K, reserved 1048576K
}
Event: 5560.808 GC heap after
{Heap after GC invocations=119 (full 0):
 garbage-first heap   total 349184K, used 214183K [0x0000000080000000, 0x0000000100000000)
  region size 1024K, 3 young (3072K), 3 survivors (3072K)
 Metaspace       used 131674K, capacity 134784K, committed 135040K, reserved 1167360K
  class space    used 16380K, capacity 17482K, committed 17536K, reserved 1048576K
}
Event: 5560.985 GC heap before
{Heap before GC invocations=119 (full 0):
 garbage-first heap   total 349184K, used 228519K [0x0000000080000000, 0x0000000100000000)
  region size 1024K, 17 young (17408K), 3 survivors (3072K)
 Metaspace       used 131688K, capacity 134784K, committed 135040K, reserved 1167360K
  class space    used 16380K, capacity 17482K, committed 17536K, reserved 1048576K
}
Event: 5561.001 GC heap after
{Heap after GC invocations=120 (full 0):
 garbage-first heap   total 349184K, used 221792K [0x0000000080000000, 0x0000000100000000)
  region size 1024K, 3 young (3072K), 3 survivors (3072K)
 Metaspace       used 131688K, capacity 134784K, committed 135040K, reserved 1167360K
  class space    used 16380K, capacity 17482K, committed 17536K, reserved 1048576K
}
Event: 5561.711 GC heap before
{Heap before GC invocations=121 (full 0):
 garbage-first heap   total 349184K, used 254560K [0x0000000080000000, 0x0000000100000000)
  region size 1024K, 35 young (35840K), 3 survivors (3072K)
 Metaspace       used 131668K, capacity 134651K, committed 135040K, reserved 1167360K
  class space    used 16332K, capacity 17394K, committed 17536K, reserved 1048576K
}
Event: 5561.730 GC heap after
{Heap after GC invocations=122 (full 0):
 garbage-first heap   total 349184K, used 238381K [0x0000000080000000, 0x0000000100000000)
  region size 1024K, 5 young (5120K), 5 survivors (5120K)
 Metaspace       used 131668K, capacity 134651K, committed 135040K, reserved 1167360K
  class space    used 16332K, capacity 17394K, committed 17536K, reserved 1048576K
}
Event: 5561.875 GC heap before
{Heap before GC invocations=122 (full 0):
 garbage-first heap   total 349184K, used 266029K [0x0000000080000000, 0x0000000100000000)
  region size 1024K, 33 young (33792K), 5 survivors (5120K)
 Metaspace       used 131824K, capacity 134817K, committed 135040K, reserved 1167360K
  class space    used 16341K, capacity 17400K, committed 17536K, reserved 1048576K
}
Event: 5561.900 GC heap after
{Heap after GC invocations=123 (full 0):
 garbage-first heap   total 349184K, used 252846K [0x0000000080000000, 0x0000000100000000)
  region size 1024K, 5 young (5120K), 5 survivors (5120K)
 Metaspace       used 131824K, capacity 134817K, committed 135040K, reserved 1167360K
  class space    used 16341K, capacity 17400K, committed 17536K, reserved 1048576K
}
Event: 5564.418 GC heap before
{Heap before GC invocations=124 (full 0):
 garbage-first heap   total 349184K, used 276398K [0x0000000080000000, 0x0000000100000000)
  region size 1024K, 29 young (29696K), 5 survivors (5120K)
 Metaspace       used 134350K, capacity 137445K, committed 137600K, reserved 1169408K
  class space    used 16676K, capacity 17778K, committed 17792K, reserved 1048576K
}
Event: 5564.430 GC heap after
{Heap after GC invocations=125 (full 0):
 garbage-first heap   total 349184K, used 256782K [0x0000000080000000, 0x0000000100000000)
  region size 1024K, 3 young (3072K), 3 survivors (3072K)
 Metaspace       used 134350K, capacity 137445K, committed 137600K, reserved 1169408K
  class space    used 16676K, capacity 17778K, committed 17792K, reserved 1048576K
}
Event: 5565.129 GC heap before
{Heap before GC invocations=125 (full 0):
 garbage-first heap   total 349184K, used 281358K [0x0000000080000000, 0x0000000100000000)
  region size 1024K, 27 young (27648K), 3 survivors (3072K)
 Metaspace       used 135118K, capacity 138416K, committed 138624K, reserved 1169408K
  class space    used 16796K, capacity 17952K, committed 18048K, reserved 1048576K
}
Event: 5565.151 GC heap after
{Heap after GC invocations=126 (full 0):
 garbage-first heap   total 349184K, used 260083K [0x0000000080000000, 0x0000000100000000)
  region size 1024K, 4 young (4096K), 4 survivors (4096K)
 Metaspace       used 135118K, capacity 138416K, committed 138624K, reserved 1169408K
  class space    used 16796K, capacity 17952K, committed 18048K, reserved 1048576K
}
Event: 5566.466 GC heap before
{Heap before GC invocations=127 (full 0):
 garbage-first heap   total 349184K, used 271347K [0x0000000080000000, 0x0000000100000000)
  region size 1024K, 29 young (29696K), 4 survivors (4096K)
 Metaspace       used 135530K, capacity 138871K, committed 139136K, reserved 1171456K
  class space    used 16838K, capacity 18011K, committed 18048K, reserved 1048576K
}
Event: 5566.480 GC heap after
{Heap after GC invocations=128 (full 0):
 garbage-first heap   total 349184K, used 249506K [0x0000000080000000, 0x0000000100000000)
  region size 1024K, 3 young (3072K), 3 survivors (3072K)
 Metaspace       used 135530K, capacity 138871K, committed 139136K, reserved 1171456K
  class space    used 16838K, capacity 18011K, committed 18048K, reserved 1048576K
}
Event: 5566.785 GC heap before
{Heap before GC invocations=128 (full 0):
 garbage-first heap   total 349184K, used 265890K [0x0000000080000000, 0x0000000100000000)
  region size 1024K, 17 young (17408K), 3 survivors (3072K)
 Metaspace       used 135541K, capacity 138872K, committed 139136K, reserved 1171456K
  class space    used 16838K, capacity 18011K, committed 18048K, reserved 1048576K
}
Event: 5566.825 GC heap after
{Heap after GC invocations=129 (full 0):
 garbage-first heap   total 349184K, used 244126K [0x0000000080000000, 0x0000000100000000)
  region size 1024K, 1 young (1024K), 1 survivors (1024K)
 Metaspace       used 135541K, capacity 138872K, committed 139136K, reserved 1171456K
  class space    used 16838K, capacity 18011K, committed 18048K, reserved 1048576K
}
Event: 5567.050 GC heap before
{Heap before GC invocations=129 (full 0):
 garbage-first heap   total 349184K, used 264606K [0x0000000080000000, 0x0000000100000000)
  region size 1024K, 17 young (17408K), 1 survivors (1024K)
 Metaspace       used 135546K, capacity 138872K, committed 139136K, reserved 1171456K
  class space    used 16838K, capacity 18011K, committed 18048K, reserved 1048576K
}
Event: 5568.159 GC heap after
{Heap after GC invocations=130 (full 0):
 garbage-first heap   total 349184K, used 249255K [0x0000000080000000, 0x0000000100000000)
  region size 1024K, 2 young (2048K), 2 survivors (2048K)
 Metaspace       used 135546K, capacity 138872K, committed 139136K, reserved 1171456K
  class space    used 16838K, capacity 18011K, committed 18048K, reserved 1048576K
}
Event: 5568.509 GC heap before
{Heap before GC invocations=130 (full 0):
 garbage-first heap   total 349184K, used 263591K [0x0000000080000000, 0x0000000100000000)
  region size 1024K, 17 young (17408K), 2 survivors (2048K)
 Metaspace       used 135724K, capacity 139040K, committed 139136K, reserved 1171456K
  class space    used 16856K, capacity 18022K, committed 18048K, reserved 1048576K
}

